<?xml version="1.0" encoding="UTF-8"?>
<testng-results ignored="0" total="1" passed="1" failed="0" skipped="0">
  <reporter-output>
  </reporter-output>
  <suite started-at="2023-11-30T16:00:55 IST" name="Default suite" finished-at="2023-11-30T16:01:21 IST" duration-ms="26416">
    <groups>
    </groups>
    <test started-at="2023-11-30T16:00:55 IST" name="Default test" finished-at="2023-11-30T16:01:21 IST" duration-ms="26416">
      <class name="com.SCM.AdminModule.SearchByInvoieIdTest">
        <test-method is-config="true" signature="config_BS()[pri:0, instance:com.SCM.AdminModule.SearchByInvoieIdTest@3754a4bf]" started-at="2023-11-30T16:00:55 IST" name="config_BS" finished-at="2023-11-30T16:00:55 IST" duration-ms="356" status="PASS">
          <reporter-output>
          </reporter-output>
        </test-method> <!-- config_BS -->
        <test-method is-config="true" signature="config_BC()[pri:0, instance:com.SCM.AdminModule.SearchByInvoieIdTest@3754a4bf]" started-at="2023-11-30T16:00:55 IST" name="config_BC" finished-at="2023-11-30T16:01:14 IST" duration-ms="18925" status="PASS">
          <reporter-output>
          </reporter-output>
        </test-method> <!-- config_BC -->
        <test-method is-config="true" signature="config_BM()[pri:0, instance:com.SCM.AdminModule.SearchByInvoieIdTest@3754a4bf]" started-at="2023-11-30T16:01:14 IST" name="config_BM" finished-at="2023-11-30T16:01:18 IST" duration-ms="4067" status="PASS">
          <reporter-output>
          </reporter-output>
        </test-method> <!-- config_BM -->
        <test-method signature="searchByInvoieIdTest()[pri:0, instance:com.SCM.AdminModule.SearchByInvoieIdTest@3754a4bf]" started-at="2023-11-30T16:01:18 IST" name="searchByInvoieIdTest" finished-at="2023-11-30T16:01:21 IST" duration-ms="2667" status="PASS">
          <reporter-output>
          </reporter-output>
        </test-method> <!-- searchByInvoieIdTest -->
        <test-method is-config="true" signature="config_AM()[pri:0, instance:com.SCM.AdminModule.SearchByInvoieIdTest@3754a4bf]" started-at="2023-11-30T16:01:21 IST" name="config_AM" finished-at="2023-11-30T16:01:21 IST" duration-ms="206" status="PASS">
          <reporter-output>
          </reporter-output>
        </test-method> <!-- config_AM -->
        <test-method is-config="true" signature="config_AC()[pri:0, instance:com.SCM.AdminModule.SearchByInvoieIdTest@3754a4bf]" started-at="2023-11-30T16:01:21 IST" name="config_AC" finished-at="2023-11-30T16:01:21 IST" duration-ms="481" status="PASS">
          <reporter-output>
          </reporter-output>
        </test-method> <!-- config_AC -->
        <test-method is-config="true" signature="config_AS()[pri:0, instance:com.SCM.AdminModule.SearchByInvoieIdTest@3754a4bf]" started-at="2023-11-30T16:01:21 IST" name="config_AS" finished-at="2023-11-30T16:01:21 IST" duration-ms="14" status="PASS">
          <reporter-output>
          </reporter-output>
        </test-method> <!-- config_AS -->
      </class> <!-- com.SCM.AdminModule.SearchByInvoieIdTest -->
    </test> <!-- Default test -->
  </suite> <!-- Default suite -->
</testng-results>
